<?xml version="1.0" encoding="UTF-8"?>
<testsuite xmlns:xsi="http://www.w3.org/2001/XMLSchema-instance" xsi:noNamespaceSchemaLocation="https://maven.apache.org/surefire/maven-surefire-plugin/xsd/surefire-test-report.xsd" name="org.apache.karaf.weather.rest.provider.ProviderWeatherServiceRestTest" time="0.713" tests="2" errors="0" skipped="0" failures="0">
  <properties>
[...]
</properties>
  <testcase name="getWeatherMethodInvalidValueCheck" classname="org.apache.karaf.weather.rest.provider.ProviderWeatherServiceRestTest" time="0.677"/>
  <testcase name="getWeatherMethodDefaultValueCheck" classname="org.apache.karaf.weather.rest.provider.ProviderWeatherServiceRestTest" time="0.004"/>
</testsuite>